0 info it worked if it ends with ok
1 verbose cli [ '/Applications/Atom.app/Contents/Resources/app/apm/bin/node',
1 verbose cli   '/Applications/Atom.app/Contents/Resources/app/apm/node_modules/npm/bin/npm-cli.js',
1 verbose cli   'version',
1 verbose cli   'minor',
1 verbose cli   '-m',
1 verbose cli   'Prepare %s release' ]
2 info using npm@3.10.10
3 info using node@v6.9.5
4 info git [ 'status', '--porcelain' ]
5 info lifecycle language-chmusick@1.1.0~preversion: language-chmusick@1.1.0
6 silly lifecycle language-chmusick@1.1.0~preversion: no script for preversion, continuing
7 verbose version.write data { _args:
7 verbose version.write    [ [ [Object],
7 verbose version.write        '/private/var/folders/tk/b2bb5n5d3178sl6pljsq99300000gn/T/apm-install-dir-11725-3461-17oghpg' ] ],
7 verbose version.write   _from: '../d-11725-3461-1mqokmb/package.tgz',
7 verbose version.write   _id: 'language-chmusick@1.0.1',
7 verbose version.write   _inCache: true,
7 verbose version.write   _installable: true,
7 verbose version.write   _location: '/language-chmusick',
7 verbose version.write   _phantomChildren: {},
7 verbose version.write   _requested:
7 verbose version.write    { raw: '/private/var/folders/tk/b2bb5n5d3178sl6pljsq99300000gn/T/d-11725-3461-1mqokmb/package.tgz',
7 verbose version.write      scope: null,
7 verbose version.write      escapedName: null,
7 verbose version.write      name: null,
7 verbose version.write      rawSpec: '/private/var/folders/tk/b2bb5n5d3178sl6pljsq99300000gn/T/d-11725-3461-1mqokmb/package.tgz',
7 verbose version.write      spec: '/private/var/folders/tk/b2bb5n5d3178sl6pljsq99300000gn/T/d-11725-3461-1mqokmb/package.tgz',
7 verbose version.write      type: 'local' },
7 verbose version.write   _requiredBy: [ '#USER' ],
7 verbose version.write   _resolved: 'file:../d-11725-3461-1mqokmb/package.tgz',
7 verbose version.write   _shasum: '05b4335b0d134e0aa7febd46ebd22ed408aab9c0',
7 verbose version.write   _shrinkwrap: null,
7 verbose version.write   _spec: '/private/var/folders/tk/b2bb5n5d3178sl6pljsq99300000gn/T/d-11725-3461-1mqokmb/package.tgz',
7 verbose version.write   _where: '/private/var/folders/tk/b2bb5n5d3178sl6pljsq99300000gn/T/apm-install-dir-11725-3461-17oghpg',
7 verbose version.write   bugs: { url: 'https://github.com/essteban/language-chmusick/issues' },
7 verbose version.write   dependencies: {},
7 verbose version.write   description: 'chmusick syntax highlighting for Atom.',
7 verbose version.write   devDependencies: {},
7 verbose version.write   engines: { atom: '>=1.0.0 <2.0.0' },
7 verbose version.write   homepage: 'https://github.com/essteban/language-chmusick#readme',
7 verbose version.write   keywords: [],
7 verbose version.write   license: 'MIT',
7 verbose version.write   name: 'language-chmusick',
7 verbose version.write   optionalDependencies: {},
7 verbose version.write   readme: '# language-chmusick package\n\nCHmUsiCK syntax highlighting for Atom.\n',
7 verbose version.write   readmeFilename: 'README.md',
7 verbose version.write   repository:
7 verbose version.write    { type: 'git',
7 verbose version.write      url: 'git+https://github.com/essteban/language-chmusick.git' },
7 verbose version.write   version: '1.1.0' } to package.json
8 info lifecycle language-chmusick@1.1.0~version: language-chmusick@1.1.0
9 silly lifecycle language-chmusick@1.1.0~version: no script for version, continuing
10 info git [ 'add',
10 info git   '/Users/estebanbetancur/Desktop/language-chmusick/package.json' ]
11 info git [ 'commit', '-m', 'Prepare 1.1.0 release' ]
12 info git [ 'tag', 'v1.1.0', '-am', 'Prepare 1.1.0 release' ]
13 verbose stack Error: Command failed: git tag v1.1.0 -am Prepare 1.1.0 release
13 verbose stack fatal: tag 'v1.1.0' already exists
13 verbose stack
13 verbose stack     at ChildProcess.exithandler (child_process.js:206:12)
13 verbose stack     at emitTwo (events.js:106:13)
13 verbose stack     at ChildProcess.emit (events.js:191:7)
13 verbose stack     at maybeClose (internal/child_process.js:877:16)
13 verbose stack     at Socket.<anonymous> (internal/child_process.js:334:11)
13 verbose stack     at emitOne (events.js:96:13)
13 verbose stack     at Socket.emit (events.js:188:7)
13 verbose stack     at Pipe._handle.close [as _onclose] (net.js:498:12)
14 verbose cwd /Users/estebanbetancur/Desktop/language-chmusick
15 error Darwin 17.4.0
16 error argv "/Applications/Atom.app/Contents/Resources/app/apm/bin/node" "/Applications/Atom.app/Contents/Resources/app/apm/node_modules/npm/bin/npm-cli.js" "version" "minor" "-m" "Prepare %s release"
17 error node v6.9.5
18 error npm  v3.10.10
19 error code 128
20 error Command failed: git tag v1.1.0 -am Prepare 1.1.0 release
20 error fatal: tag 'v1.1.0' already exists
21 error If you need help, you may report this error at:
21 error     <https://github.com/npm/npm/issues>
22 verbose exit [ 1, true ]
